c:\users\peter\onedrive\documents\college\year2\semester2\ads\labwork&classexamples\week2\debug\vc142.pdb
c:\users\peter\onedrive\documents\college\year2\semester2\ads\labwork&classexamples\week2\debug\vc142.idb
c:\users\peter\onedrive\documents\college\year2\semester2\ads\labwork&classexamples\week2\debug\inputanddisplaynum.obj
c:\users\peter\onedrive\documents\college\year2\semester2\ads\labwork&classexamples\week2\debug\tempconversion.obj
c:\users\peter\onedrive\documents\college\year2\semester2\ads\labwork&classexamples\week2\debug\week2.tlog\cl.command.1.tlog
c:\users\peter\onedrive\documents\college\year2\semester2\ads\labwork&classexamples\week2\debug\week2.tlog\cl.read.1.tlog
c:\users\peter\onedrive\documents\college\year2\semester2\ads\labwork&classexamples\week2\debug\week2.tlog\cl.write.1.tlog
c:\users\peter\onedrive\documents\college\year2\semester2\ads\labwork&classexamples\week2\debug\week2.tlog\link-cvtres.read.1.tlog
c:\users\peter\onedrive\documents\college\year2\semester2\ads\labwork&classexamples\week2\debug\week2.tlog\link-cvtres.write.1.tlog
c:\users\peter\onedrive\documents\college\year2\semester2\ads\labwork&classexamples\week2\debug\week2.tlog\link-rc.read.1.tlog
c:\users\peter\onedrive\documents\college\year2\semester2\ads\labwork&classexamples\week2\debug\week2.tlog\link-rc.write.1.tlog
c:\users\peter\onedrive\documents\college\year2\semester2\ads\labwork&classexamples\week2\debug\week2.tlog\link.8632-cvtres.read.1.tlog
c:\users\peter\onedrive\documents\college\year2\semester2\ads\labwork&classexamples\week2\debug\week2.tlog\link.8632-cvtres.write.1.tlog
c:\users\peter\onedrive\documents\college\year2\semester2\ads\labwork&classexamples\week2\debug\week2.tlog\link.8632-rc.read.1.tlog
c:\users\peter\onedrive\documents\college\year2\semester2\ads\labwork&classexamples\week2\debug\week2.tlog\link.8632-rc.write.1.tlog
c:\users\peter\onedrive\documents\college\year2\semester2\ads\labwork&classexamples\week2\debug\week2.tlog\link.8632.read.1.tlog
c:\users\peter\onedrive\documents\college\year2\semester2\ads\labwork&classexamples\week2\debug\week2.tlog\link.8632.write.1.tlog
c:\users\peter\onedrive\documents\college\year2\semester2\ads\labwork&classexamples\week2\debug\week2.tlog\link.command.1.tlog
c:\users\peter\onedrive\documents\college\year2\semester2\ads\labwork&classexamples\week2\debug\week2.tlog\link.read.1.tlog
c:\users\peter\onedrive\documents\college\year2\semester2\ads\labwork&classexamples\week2\debug\week2.tlog\link.write.1.tlog
